<?xml version="1.0" encoding="UTF-8"?>
<!-- Generated by org.testng.reporters.JUnitReportReporter -->
<testsuite hostname="DESKTOP-IRACKMV" failures="0" tests="1" name="TestingAutomation.TestingTopSop.TopSopAutomationJava" time="20.566" errors="0" timestamp="2023-02-07T11:44:16 CET" skipped="0">
  <testcase classname="TestingAutomation.TestingTopSop.TopSopAutomationJava" name="MlecniProizvodiCheck" time="20.566"/>
  <system-out/>
</testsuite> <!-- TestingAutomation.TestingTopSop.TopSopAutomationJava -->
