<?xml version="1.0" encoding="UTF-8"?>
<!-- Generated by org.testng.reporters.JUnitReportReporter -->
<testsuite hostname="DESKTOP-IRACKMV" failures="0" tests="1" name="TestingAutomation.TestingTopSop.TopSopAutomationJava" time="24.859" errors="0" timestamp="2023-02-07T11:12:21 CET" skipped="0">
  <testcase classname="TestingAutomation.TestingTopSop.TopSopAutomationJava" name="EndToEndTestIfNaplataCanBeProcesed" time="24.859"/>
  <system-out/>
</testsuite> <!-- TestingAutomation.TestingTopSop.TopSopAutomationJava -->
