<?xml version="1.0" encoding="UTF-8"?>
<!-- Generated by org.testng.reporters.JUnitReportReporter -->
<testsuite hostname="DESKTOP-IRACKMV" failures="0" tests="1" name="TestingAutomation.TestingTopSop.TopSopAutomationJava" time="12.054" errors="0" timestamp="2023-02-06T16:54:46 CET" skipped="0">
  <testcase classname="TestingAutomation.TestingTopSop.TopSopAutomationJava" name="InvalidLogin" time="12.054"/>
  <system-out/>
</testsuite> <!-- TestingAutomation.TestingTopSop.TopSopAutomationJava -->
