<?xml version="1.0" encoding="UTF-8"?>
<!-- Generated by org.testng.reporters.JUnitReportReporter -->
<testsuite hostname="DESKTOP-IRACKMV" failures="0" tests="1" name="TestingAutomation.TestingTopSop.TopSopAutomationJava" time="46.718" errors="0" timestamp="2023-02-07T15:27:00 CET" skipped="0">
  <testcase classname="TestingAutomation.TestingTopSop.TopSopAutomationJava" name="PickProductFromOsnovniProizvodi" time="46.718"/>
  <system-out/>
</testsuite> <!-- TestingAutomation.TestingTopSop.TopSopAutomationJava -->
